Vivado Simulator 2018.1
Copyright 1986-1999, 2001-2017 Xilinx, Inc. All Rights Reserved.
Running: C:/Xilinx/Vivado/2018.1/bin/unwrapped/win64.o/xelab.exe -wto 62f48dbbd34a4fa8971474327732e7e6 --incr --debug typical --relax --mt 2 -L xil_defaultlib -L unisims_ver -L unimacro_ver -L secureip --snapshot array16_tb_behav xil_defaultlib.array16_tb xil_defaultlib.glbl -log elaborate.log 
Using 2 slave threads.
Starting static elaboration
WARNING: [VRFC 10-278] actual bit length 16 differs from formal bit length 8 for port c [C:/Users/Amritha K Poojari/OneDrive/Desktop/MAJOR project/array_multiplier/array_multiplier.srcs/sources_1/new/arr_mul.v:36]
WARNING: [VRFC 10-278] actual bit length 16 differs from formal bit length 8 for port c [C:/Users/Amritha K Poojari/OneDrive/Desktop/MAJOR project/array_multiplier/array_multiplier.srcs/sources_1/new/arr_mul.v:37]
WARNING: [VRFC 10-278] actual bit length 16 differs from formal bit length 8 for port c [C:/Users/Amritha K Poojari/OneDrive/Desktop/MAJOR project/array_multiplier/array_multiplier.srcs/sources_1/new/arr_mul.v:38]
WARNING: [VRFC 10-278] actual bit length 16 differs from formal bit length 8 for port c [C:/Users/Amritha K Poojari/OneDrive/Desktop/MAJOR project/array_multiplier/array_multiplier.srcs/sources_1/new/arr_mul.v:39]
Completed static elaboration
Starting simulation data flow analysis
WARNING: [XSIM 43-4099] "C:/Users/Amritha K Poojari/OneDrive/Desktop/MAJOR project/array_multiplier/array_multiplier.srcs/sources_1/new/arr_mul.v" Line 1. Module array16 doesn't have a timescale but at least one module in design has a timescale.
WARNING: [XSIM 43-4099] "C:/Users/Amritha K Poojari/OneDrive/Desktop/MAJOR project/array_multiplier/array_multiplier.srcs/sources_1/new/arr_mul.v" Line 28. Module array8 doesn't have a timescale but at least one module in design has a timescale.
WARNING: [XSIM 43-4099] "C:/Users/Amritha K Poojari/OneDrive/Desktop/MAJOR project/array_multiplier/array_multiplier.srcs/sources_1/new/arr_mul.v" Line 54. Module array4 doesn't have a timescale but at least one module in design has a timescale.
WARNING: [XSIM 43-4099] "C:/Users/Amritha K Poojari/OneDrive/Desktop/MAJOR project/array_multiplier/array_multiplier.srcs/sources_1/new/arr_mul.v" Line 81. Module array2 doesn't have a timescale but at least one module in design has a timescale.
WARNING: [XSIM 43-4099] "C:/Users/Amritha K Poojari/OneDrive/Desktop/MAJOR project/array_multiplier/array_multiplier.srcs/sources_1/new/arr_mul.v" Line 96. Module ha doesn't have a timescale but at least one module in design has a timescale.
WARNING: [XSIM 43-4099] "C:/Users/Amritha K Poojari/OneDrive/Desktop/MAJOR project/array_multiplier/array_multiplier.srcs/sources_1/new/arr_mul.v" Line 96. Module ha doesn't have a timescale but at least one module in design has a timescale.
WARNING: [XSIM 43-4099] "C:/Users/Amritha K Poojari/OneDrive/Desktop/MAJOR project/array_multiplier/array_multiplier.srcs/sources_1/new/arr_mul.v" Line 81. Module array2 doesn't have a timescale but at least one module in design has a timescale.
WARNING: [XSIM 43-4099] "C:/Users/Amritha K Poojari/OneDrive/Desktop/MAJOR project/array_multiplier/array_multiplier.srcs/sources_1/new/arr_mul.v" Line 96. Module ha doesn't have a timescale but at least one module in design has a timescale.
WARNING: [XSIM 43-4099] "C:/Users/Amritha K Poojari/OneDrive/Desktop/MAJOR project/array_multiplier/array_multiplier.srcs/sources_1/new/arr_mul.v" Line 96. Module ha doesn't have a timescale but at least one module in design has a timescale.
WARNING: [XSIM 43-4099] "C:/Users/Amritha K Poojari/OneDrive/Desktop/MAJOR project/array_multiplier/array_multiplier.srcs/sources_1/new/arr_mul.v" Line 81. Module array2 doesn't have a timescale but at least one module in design has a timescale.
WARNING: [XSIM 43-4099] "C:/Users/Amritha K Poojari/OneDrive/Desktop/MAJOR project/array_multiplier/array_multiplier.srcs/sources_1/new/arr_mul.v" Line 96. Module ha doesn't have a timescale but at least one module in design has a timescale.
WARNING: [XSIM 43-4099] "C:/Users/Amritha K Poojari/OneDrive/Desktop/MAJOR project/array_multiplier/array_multiplier.srcs/sources_1/new/arr_mul.v" Line 96. Module ha doesn't have a timescale but at least one module in design has a timescale.
WARNING: [XSIM 43-4099] "C:/Users/Amritha K Poojari/OneDrive/Desktop/MAJOR project/array_multiplier/array_multiplier.srcs/sources_1/new/arr_mul.v" Line 81. Module array2 doesn't have a timescale but at least one module in design has a timescale.
WARNING: [XSIM 43-4099] "C:/Users/Amritha K Poojari/OneDrive/Desktop/MAJOR project/array_multiplier/array_multiplier.srcs/sources_1/new/arr_mul.v" Line 96. Module ha doesn't have a timescale but at least one module in design has a timescale.
WARNING: [XSIM 43-4099] "C:/Users/Amritha K Poojari/OneDrive/Desktop/MAJOR project/array_multiplier/array_multiplier.srcs/sources_1/new/arr_mul.v" Line 96. Module ha doesn't have a timescale but at least one module in design has a timescale.
WARNING: [XSIM 43-4099] "C:/Users/Amritha K Poojari/OneDrive/Desktop/MAJOR project/array_multiplier/array_multiplier.srcs/sources_1/new/arr_mul.v" Line 54. Module array4 doesn't have a timescale but at least one module in design has a timescale.
WARNING: [XSIM 43-4099] "C:/Users/Amritha K Poojari/OneDrive/Desktop/MAJOR project/array_multiplier/array_multiplier.srcs/sources_1/new/arr_mul.v" Line 81. Module array2 doesn't have a timescale but at least one module in design has a timescale.
WARNING: [XSIM 43-4099] "C:/Users/Amritha K Poojari/OneDrive/Desktop/MAJOR project/array_multiplier/array_multiplier.srcs/sources_1/new/arr_mul.v" Line 96. Module ha doesn't have a timescale but at least one module in design has a timescale.
WARNING: [XSIM 43-4099] "C:/Users/Amritha K Poojari/OneDrive/Desktop/MAJOR project/array_multiplier/array_multiplier.srcs/sources_1/new/arr_mul.v" Line 96. Module ha doesn't have a timescale but at least one module in design has a timescale.
WARNING: [XSIM 43-4099] "C:/Users/Amritha K Poojari/OneDrive/Desktop/MAJOR project/array_multiplier/array_multiplier.srcs/sources_1/new/arr_mul.v" Line 81. Module array2 doesn't have a timescale but at least one module in design has a timescale.
WARNING: [XSIM 43-4099] "C:/Users/Amritha K Poojari/OneDrive/Desktop/MAJOR project/array_multiplier/array_multiplier.srcs/sources_1/new/arr_mul.v" Line 96. Module ha doesn't have a timescale but at least one module in design has a timescale.
WARNING: [XSIM 43-4099] "C:/Users/Amritha K Poojari/OneDrive/Desktop/MAJOR project/array_multiplier/array_multiplier.srcs/sources_1/new/arr_mul.v" Line 96. Module ha doesn't have a timescale but at least one module in design has a timescale.
WARNING: [XSIM 43-4099] "C:/Users/Amritha K Poojari/OneDrive/Desktop/MAJOR project/array_multiplier/array_multiplier.srcs/sources_1/new/arr_mul.v" Line 81. Module array2 doesn't have a timescale but at least one module in design has a timescale.
WARNING: [XSIM 43-4099] "C:/Users/Amritha K Poojari/OneDrive/Desktop/MAJOR project/array_multiplier/array_multiplier.srcs/sources_1/new/arr_mul.v" Line 96. Module ha doesn't have a timescale but at least one module in design has a timescale.
WARNING: [XSIM 43-4099] "C:/Users/Amritha K Poojari/OneDrive/Desktop/MAJOR project/array_multiplier/array_multiplier.srcs/sources_1/new/arr_mul.v" Line 96. Module ha doesn't have a timescale but at least one module in design has a timescale.
WARNING: [XSIM 43-4099] "C:/Users/Amritha K Poojari/OneDrive/Desktop/MAJOR project/array_multiplier/array_multiplier.srcs/sources_1/new/arr_mul.v" Line 81. Module array2 doesn't have a timescale but at least one module in design has a timescale.
WARNING: [XSIM 43-4099] "C:/Users/Amritha K Poojari/OneDrive/Desktop/MAJOR project/array_multiplier/array_multiplier.srcs/sources_1/new/arr_mul.v" Line 96. Module ha doesn't have a timescale but at least one module in design has a timescale.
WARNING: [XSIM 43-4099] "C:/Users/Amritha K Poojari/OneDrive/Desktop/MAJOR project/array_multiplier/array_multiplier.srcs/sources_1/new/arr_mul.v" Line 96. Module ha doesn't have a timescale but at least one module in design has a timescale.
WARNING: [XSIM 43-4099] "C:/Users/Amritha K Poojari/OneDrive/Desktop/MAJOR project/array_multiplier/array_multiplier.srcs/sources_1/new/arr_mul.v" Line 54. Module array4 doesn't have a timescale but at least one module in design has a timescale.
WARNING: [XSIM 43-4099] "C:/Users/Amritha K Poojari/OneDrive/Desktop/MAJOR project/array_multiplier/array_multiplier.srcs/sources_1/new/arr_mul.v" Line 81. Module array2 doesn't have a timescale but at least one module in design has a timescale.
WARNING: [XSIM 43-4099] "C:/Users/Amritha K Poojari/OneDrive/Desktop/MAJOR project/array_multiplier/array_multiplier.srcs/sources_1/new/arr_mul.v" Line 96. Module ha doesn't have a timescale but at least one module in design has a timescale.
WARNING: [XSIM 43-4099] "C:/Users/Amritha K Poojari/OneDrive/Desktop/MAJOR project/array_multiplier/array_multiplier.srcs/sources_1/new/arr_mul.v" Line 96. Module ha doesn't have a timescale but at least one module in design has a timescale.
WARNING: [XSIM 43-4099] "C:/Users/Amritha K Poojari/OneDrive/Desktop/MAJOR project/array_multiplier/array_multiplier.srcs/sources_1/new/arr_mul.v" Line 81. Module array2 doesn't have a timescale but at least one module in design has a timescale.
WARNING: [XSIM 43-4099] "C:/Users/Amritha K Poojari/OneDrive/Desktop/MAJOR project/array_multiplier/array_multiplier.srcs/sources_1/new/arr_mul.v" Line 96. Module ha doesn't have a timescale but at least one module in design has a timescale.
WARNING: [XSIM 43-4099] "C:/Users/Amritha K Poojari/OneDrive/Desktop/MAJOR project/array_multiplier/array_multiplier.srcs/sources_1/new/arr_mul.v" Line 96. Module ha doesn't have a timescale but at least one module in design has a timescale.
WARNING: [XSIM 43-4099] "C:/Users/Amritha K Poojari/OneDrive/Desktop/MAJOR project/array_multiplier/array_multiplier.srcs/sources_1/new/arr_mul.v" Line 81. Module array2 doesn't have a timescale but at least one module in design has a timescale.
WARNING: [XSIM 43-4099] "C:/Users/Amritha K Poojari/OneDrive/Desktop/MAJOR project/array_multiplier/array_multiplier.srcs/sources_1/new/arr_mul.v" Line 96. Module ha doesn't have a timescale but at least one module in design has a timescale.
WARNING: [XSIM 43-4099] "C:/Users/Amritha K Poojari/OneDrive/Desktop/MAJOR project/array_multiplier/array_multiplier.srcs/sources_1/new/arr_mul.v" Line 96. Module ha doesn't have a timescale but at least one module in design has a timescale.
WARNING: [XSIM 43-4099] "C:/Users/Amritha K Poojari/OneDrive/Desktop/MAJOR project/array_multiplier/array_multiplier.srcs/sources_1/new/arr_mul.v" Line 81. Module array2 doesn't have a timescale but at least one module in design has a timescale.
WARNING: [XSIM 43-4099] "C:/Users/Amritha K Poojari/OneDrive/Desktop/MAJOR project/array_multiplier/array_multiplier.srcs/sources_1/new/arr_mul.v" Line 96. Module ha doesn't have a timescale but at least one module in design has a timescale.
WARNING: [XSIM 43-4099] "C:/Users/Amritha K Poojari/OneDrive/Desktop/MAJOR project/array_multiplier/array_multiplier.srcs/sources_1/new/arr_mul.v" Line 96. Module ha doesn't have a timescale but at least one module in design has a timescale.
WARNING: [XSIM 43-4099] "C:/Users/Amritha K Poojari/OneDrive/Desktop/MAJOR project/array_multiplier/array_multiplier.srcs/sources_1/new/arr_mul.v" Line 54. Module array4 doesn't have a timescale but at least one module in design has a timescale.
WARNING: [XSIM 43-4099] "C:/Users/Amritha K Poojari/OneDrive/Desktop/MAJOR project/array_multiplier/array_multiplier.srcs/sources_1/new/arr_mul.v" Line 81. Module array2 doesn't have a timescale but at least one module in design has a timescale.
WARNING: [XSIM 43-4099] "C:/Users/Amritha K Poojari/OneDrive/Desktop/MAJOR project/array_multiplier/array_multiplier.srcs/sources_1/new/arr_mul.v" Line 96. Module ha doesn't have a timescale but at least one module in design has a timescale.
WARNING: [XSIM 43-4099] "C:/Users/Amritha K Poojari/OneDrive/Desktop/MAJOR project/array_multiplier/array_multiplier.srcs/sources_1/new/arr_mul.v" Line 96. Module ha doesn't have a timescale but at least one module in design has a timescale.
WARNING: [XSIM 43-4099] "C:/Users/Amritha K Poojari/OneDrive/Desktop/MAJOR project/array_multiplier/array_multiplier.srcs/sources_1/new/arr_mul.v" Line 81. Module array2 doesn't have a timescale but at least one module in design has a timescale.
WARNING: [XSIM 43-4099] "C:/Users/Amritha K Poojari/OneDrive/Desktop/MAJOR project/array_multiplier/array_multiplier.srcs/sources_1/new/arr_mul.v" Line 96. Module ha doesn't have a timescale but at least one module in design has a timescale.
WARNING: [XSIM 43-4099] "C:/Users/Amritha K Poojari/OneDrive/Desktop/MAJOR project/array_multiplier/array_multiplier.srcs/sources_1/new/arr_mul.v" Line 96. Module ha doesn't have a timescale but at least one module in design has a timescale.
WARNING: [XSIM 43-4099] "C:/Users/Amritha K Poojari/OneDrive/Desktop/MAJOR project/array_multiplier/array_multiplier.srcs/sources_1/new/arr_mul.v" Line 81. Module array2 doesn't have a timescale but at least one module in design has a timescale.
WARNING: [XSIM 43-4099] "C:/Users/Amritha K Poojari/OneDrive/Desktop/MAJOR project/array_multiplier/array_multiplier.srcs/sources_1/new/arr_mul.v" Line 96. Module ha doesn't have a timescale but at least one module in design has a timescale.
WARNING: [XSIM 43-4099] "C:/Users/Amritha K Poojari/OneDrive/Desktop/MAJOR project/array_multiplier/array_multiplier.srcs/sources_1/new/arr_mul.v" Line 96. Module ha doesn't have a timescale but at least one module in design has a timescale.
WARNING: [XSIM 43-4099] "C:/Users/Amritha K Poojari/OneDrive/Desktop/MAJOR project/array_multiplier/array_multiplier.srcs/sources_1/new/arr_mul.v" Line 81. Module array2 doesn't have a timescale but at least one module in design has a timescale.
WARNING: [XSIM 43-4099] "C:/Users/Amritha K Poojari/OneDrive/Desktop/MAJOR project/array_multiplier/array_multiplier.srcs/sources_1/new/arr_mul.v" Line 96. Module ha doesn't have a timescale but at least one module in design has a timescale.
WARNING: [XSIM 43-4099] "C:/Users/Amritha K Poojari/OneDrive/Desktop/MAJOR project/array_multiplier/array_multiplier.srcs/sources_1/new/arr_mul.v" Line 96. Module ha doesn't have a timescale but at least one module in design has a timescale.
WARNING: [XSIM 43-4099] "C:/Users/Amritha K Poojari/OneDrive/Desktop/MAJOR project/array_multiplier/array_multiplier.srcs/sources_1/new/arr_mul.v" Line 28. Module array8 doesn't have a timescale but at least one module in design has a timescale.
WARNING: [XSIM 43-4099] "C:/Users/Amritha K Poojari/OneDrive/Desktop/MAJOR project/array_multiplier/array_multiplier.srcs/sources_1/new/arr_mul.v" Line 54. Module array4 doesn't have a timescale but at least one module in design has a timescale.
WARNING: [XSIM 43-4099] "C:/Users/Amritha K Poojari/OneDrive/Desktop/MAJOR project/array_multiplier/array_multiplier.srcs/sources_1/new/arr_mul.v" Line 81. Module array2 doesn't have a timescale but at least one module in design has a timescale.
WARNING: [XSIM 43-4099] "C:/Users/Amritha K Poojari/OneDrive/Desktop/MAJOR project/array_multiplier/array_multiplier.srcs/sources_1/new/arr_mul.v" Line 96. Module ha doesn't have a timescale but at least one module in design has a timescale.
WARNING: [XSIM 43-4099] "C:/Users/Amritha K Poojari/OneDrive/Desktop/MAJOR project/array_multiplier/array_multiplier.srcs/sources_1/new/arr_mul.v" Line 96. Module ha doesn't have a timescale but at least one module in design has a timescale.
WARNING: [XSIM 43-4099] "C:/Users/Amritha K Poojari/OneDrive/Desktop/MAJOR project/array_multiplier/array_multiplier.srcs/sources_1/new/arr_mul.v" Line 81. Module array2 doesn't have a timescale but at least one module in design has a timescale.
WARNING: [XSIM 43-4099] "C:/Users/Amritha K Poojari/OneDrive/Desktop/MAJOR project/array_multiplier/array_multiplier.srcs/sources_1/new/arr_mul.v" Line 96. Module ha doesn't have a timescale but at least one module in design has a timescale.
WARNING: [XSIM 43-4099] "C:/Users/Amritha K Poojari/OneDrive/Desktop/MAJOR project/array_multiplier/array_multiplier.srcs/sources_1/new/arr_mul.v" Line 96. Module ha doesn't have a timescale but at least one module in design has a timescale.
WARNING: [XSIM 43-4099] "C:/Users/Amritha K Poojari/OneDrive/Desktop/MAJOR project/array_multiplier/array_multiplier.srcs/sources_1/new/arr_mul.v" Line 81. Module array2 doesn't have a timescale but at least one module in design has a timescale.
WARNING: [XSIM 43-4099] "C:/Users/Amritha K Poojari/OneDrive/Desktop/MAJOR project/array_multiplier/array_multiplier.srcs/sources_1/new/arr_mul.v" Line 96. Module ha doesn't have a timescale but at least one module in design has a timescale.
WARNING: [XSIM 43-4099] "C:/Users/Amritha K Poojari/OneDrive/Desktop/MAJOR project/array_multiplier/array_multiplier.srcs/sources_1/new/arr_mul.v" Line 96. Module ha doesn't have a timescale but at least one module in design has a timescale.
WARNING: [XSIM 43-4099] "C:/Users/Amritha K Poojari/OneDrive/Desktop/MAJOR project/array_multiplier/array_multiplier.srcs/sources_1/new/arr_mul.v" Line 81. Module array2 doesn't have a timescale but at least one module in design has a timescale.
WARNING: [XSIM 43-4099] "C:/Users/Amritha K Poojari/OneDrive/Desktop/MAJOR project/array_multiplier/array_multiplier.srcs/sources_1/new/arr_mul.v" Line 96. Module ha doesn't have a timescale but at least one module in design has a timescale.
WARNING: [XSIM 43-4099] "C:/Users/Amritha K Poojari/OneDrive/Desktop/MAJOR project/array_multiplier/array_multiplier.srcs/sources_1/new/arr_mul.v" Line 96. Module ha doesn't have a timescale but at least one module in design has a timescale.
WARNING: [XSIM 43-4099] "C:/Users/Amritha K Poojari/OneDrive/Desktop/MAJOR project/array_multiplier/array_multiplier.srcs/sources_1/new/arr_mul.v" Line 54. Module array4 doesn't have a timescale but at least one module in design has a timescale.
WARNING: [XSIM 43-4099] "C:/Users/Amritha K Poojari/OneDrive/Desktop/MAJOR project/array_multiplier/array_multiplier.srcs/sources_1/new/arr_mul.v" Line 81. Module array2 doesn't have a timescale but at least one module in design has a timescale.
WARNING: [XSIM 43-4099] "C:/Users/Amritha K Poojari/OneDrive/Desktop/MAJOR project/array_multiplier/array_multiplier.srcs/sources_1/new/arr_mul.v" Line 96. Module ha doesn't have a timescale but at least one module in design has a timescale.
WARNING: [XSIM 43-4099] "C:/Users/Amritha K Poojari/OneDrive/Desktop/MAJOR project/array_multiplier/array_multiplier.srcs/sources_1/new/arr_mul.v" Line 96. Module ha doesn't have a timescale but at least one module in design has a timescale.
WARNING: [XSIM 43-4099] "C:/Users/Amritha K Poojari/OneDrive/Desktop/MAJOR project/array_multiplier/array_multiplier.srcs/sources_1/new/arr_mul.v" Line 81. Module array2 doesn't have a timescale but at least one module in design has a timescale.
WARNING: [XSIM 43-4099] "C:/Users/Amritha K Poojari/OneDrive/Desktop/MAJOR project/array_multiplier/array_multiplier.srcs/sources_1/new/arr_mul.v" Line 96. Module ha doesn't have a timescale but at least one module in design has a timescale.
WARNING: [XSIM 43-4099] "C:/Users/Amritha K Poojari/OneDrive/Desktop/MAJOR project/array_multiplier/array_multiplier.srcs/sources_1/new/arr_mul.v" Line 96. Module ha doesn't have a timescale but at least one module in design has a timescale.
WARNING: [XSIM 43-4099] "C:/Users/Amritha K Poojari/OneDrive/Desktop/MAJOR project/array_multiplier/array_multiplier.srcs/sources_1/new/arr_mul.v" Line 81. Module array2 doesn't have a timescale but at least one module in design has a timescale.
WARNING: [XSIM 43-4099] "C:/Users/Amritha K Poojari/OneDrive/Desktop/MAJOR project/array_multiplier/array_multiplier.srcs/sources_1/new/arr_mul.v" Line 96. Module ha doesn't have a timescale but at least one module in design has a timescale.
WARNING: [XSIM 43-4099] "C:/Users/Amritha K Poojari/OneDrive/Desktop/MAJOR project/array_multiplier/array_multiplier.srcs/sources_1/new/arr_mul.v" Line 96. Module ha doesn't have a timescale but at least one module in design has a timescale.
WARNING: [XSIM 43-4099] "C:/Users/Amritha K Poojari/OneDrive/Desktop/MAJOR project/array_multiplier/array_multiplier.srcs/sources_1/new/arr_mul.v" Line 81. Module array2 doesn't have a timescale but at least one module in design has a timescale.
WARNING: [XSIM 43-4099] "C:/Users/Amritha K Poojari/OneDrive/Desktop/MAJOR project/array_multiplier/array_multiplier.srcs/sources_1/new/arr_mul.v" Line 96. Module ha doesn't have a timescale but at least one module in design has a timescale.
WARNING: [XSIM 43-4099] "C:/Users/Amritha K Poojari/OneDrive/Desktop/MAJOR project/array_multiplier/array_multiplier.srcs/sources_1/new/arr_mul.v" Line 96. Module ha doesn't have a timescale but at least one module in design has a timescale.
WARNING: [XSIM 43-4099] "C:/Users/Amritha K Poojari/OneDrive/Desktop/MAJOR project/array_multiplier/array_multiplier.srcs/sources_1/new/arr_mul.v" Line 54. Module array4 doesn't have a timescale but at least one module in design has a timescale.
WARNING: [XSIM 43-4099] "C:/Users/Amritha K Poojari/OneDrive/Desktop/MAJOR project/array_multiplier/array_multiplier.srcs/sources_1/new/arr_mul.v" Line 81. Module array2 doesn't have a timescale but at least one module in design has a timescale.
WARNING: [XSIM 43-4099] "C:/Users/Amritha K Poojari/OneDrive/Desktop/MAJOR project/array_multiplier/array_multiplier.srcs/sources_1/new/arr_mul.v" Line 96. Module ha doesn't have a timescale but at least one module in design has a timescale.
WARNING: [XSIM 43-4099] "C:/Users/Amritha K Poojari/OneDrive/Desktop/MAJOR project/array_multiplier/array_multiplier.srcs/sources_1/new/arr_mul.v" Line 96. Module ha doesn't have a timescale but at least one module in design has a timescale.
WARNING: [XSIM 43-4099] "C:/Users/Amritha K Poojari/OneDrive/Desktop/MAJOR project/array_multiplier/array_multiplier.srcs/sources_1/new/arr_mul.v" Line 81. Module array2 doesn't have a timescale but at least one module in design has a timescale.
WARNING: [XSIM 43-4099] "C:/Users/Amritha K Poojari/OneDrive/Desktop/MAJOR project/array_multiplier/array_multiplier.srcs/sources_1/new/arr_mul.v" Line 96. Module ha doesn't have a timescale but at least one module in design has a timescale.
WARNING: [XSIM 43-4099] "C:/Users/Amritha K Poojari/OneDrive/Desktop/MAJOR project/array_multiplier/array_multiplier.srcs/sources_1/new/arr_mul.v" Line 96. Module ha doesn't have a timescale but at least one module in design has a timescale.
WARNING: [XSIM 43-4099] "C:/Users/Amritha K Poojari/OneDrive/Desktop/MAJOR project/array_multiplier/array_multiplier.srcs/sources_1/new/arr_mul.v" Line 81. Module array2 doesn't have a timescale but at least one module in design has a timescale.
WARNING: [XSIM 43-4099] "C:/Users/Amritha K Poojari/OneDrive/Desktop/MAJOR project/array_multiplier/array_multiplier.srcs/sources_1/new/arr_mul.v" Line 96. Module ha doesn't have a timescale but at least one module in design has a timescale.
WARNING: [XSIM 43-4099] "C:/Users/Amritha K Poojari/OneDrive/Desktop/MAJOR project/array_multiplier/array_multiplier.srcs/sources_1/new/arr_mul.v" Line 96. Module ha doesn't have a timescale but at least one module in design has a timescale.
WARNING: [XSIM 43-4099] "C:/Users/Amritha K Poojari/OneDrive/Desktop/MAJOR project/array_multiplier/array_multiplier.srcs/sources_1/new/arr_mul.v" Line 81. Module array2 doesn't have a timescale but at least one module in design has a timescale.
WARNING: [XSIM 43-4099] "C:/Users/Amritha K Poojari/OneDrive/Desktop/MAJOR project/array_multiplier/array_multiplier.srcs/sources_1/new/arr_mul.v" Line 96. Module ha doesn't have a timescale but at least one module in design has a timescale.
WARNING: [XSIM 43-4099] "C:/Users/Amritha K Poojari/OneDrive/Desktop/MAJOR project/array_multiplier/array_multiplier.srcs/sources_1/new/arr_mul.v" Line 96. Module ha doesn't have a timescale but at least one module in design has a timescale.
WARNING: [XSIM 43-4099] "C:/Users/Amritha K Poojari/OneDrive/Desktop/MAJOR project/array_multiplier/array_multiplier.srcs/sources_1/new/arr_mul.v" Line 54. Module array4 doesn't have a timescale but at least one module in design has a timescale.
WARNING: [XSIM 43-4099] "C:/Users/Amritha K Poojari/OneDrive/Desktop/MAJOR project/array_multiplier/array_multiplier.srcs/sources_1/new/arr_mul.v" Line 81. Module array2 doesn't have a timescale but at least one module in design has a timescale.
WARNING: [XSIM 43-4099] "C:/Users/Amritha K Poojari/OneDrive/Desktop/MAJOR project/array_multiplier/array_multiplier.srcs/sources_1/new/arr_mul.v" Line 96. Module ha doesn't have a timescale but at least one module in design has a timescale.
WARNING: [XSIM 43-4099] "C:/Users/Amritha K Poojari/OneDrive/Desktop/MAJOR project/array_multiplier/array_multiplier.srcs/sources_1/new/arr_mul.v" Line 96. Module ha doesn't have a timescale but at least one module in design has a timescale.
WARNING: [XSIM 43-4099] "C:/Users/Amritha K Poojari/OneDrive/Desktop/MAJOR project/array_multiplier/array_multiplier.srcs/sources_1/new/arr_mul.v" Line 81. Module array2 doesn't have a timescale but at least one module in design has a timescale.
WARNING: [XSIM 43-4099] "C:/Users/Amritha K Poojari/OneDrive/Desktop/MAJOR project/array_multiplier/array_multiplier.srcs/sources_1/new/arr_mul.v" Line 96. Module ha doesn't have a timescale but at least one module in design has a timescale.
INFO: [Common 17-14] Message 'XSIM 43-4099' appears 100 times and further instances of the messages will be disabled. Use the Tcl command set_msg_config to change the current settings.
Completed simulation data flow analysis
Time Resolution for simulation is 1ps
Compiling module xil_defaultlib.ha
Compiling module xil_defaultlib.array2
Compiling module xil_defaultlib.array4
Compiling module xil_defaultlib.array8
Compiling module xil_defaultlib.array16
Compiling module xil_defaultlib.array16_tb
Compiling module xil_defaultlib.glbl
Built simulation snapshot array16_tb_behav
